<?xml version="1.0" encoding="utf-8"?><testsuites name="pytest tests"><testsuite name="pytest" errors="0" failures="1" skipped="0" tests="24" time="8.389" timestamp="2026-07-22T07:40:22.532868+00:00" hostname="agent-env-29b531a2-b52e-41a0-afc6-619e168c6e87"><testcase classname="test_stagelink_api.TestHealth" name="test_root" time="0.209" /><testcase classname="test_stagelink_api.TestRegister" name="test_register_success" time="0.317"><failure message="AssertionError: assert 'test_bfcf42d6@stagelink.dev' == 'TEST_bfcf42d6@stagelink.dev'&#10;  &#10;  - TEST_bfcf42d6@stagelink.dev&#10;  ? ^^^^&#10;  + test_bfcf42d6@stagelink.dev&#10;  ? ^^^^">test_stagelink_api.py:47: in test_register_success
    assert u["email"] == email
E   AssertionError: assert 'test_bfcf42d6@stagelink.dev' == 'TEST_bfcf42d6@stagelink.dev'
E     
E     - TEST_bfcf42d6@stagelink.dev
E     ? ^^^^
E     + test_bfcf42d6@stagelink.dev
E     ? ^^^^</failure></testcase><testcase classname="test_stagelink_api.TestRegister" name="test_register_invalid_email" time="0.096" /><testcase classname="test_stagelink_api.TestRegister" name="test_register_weak_password_too_short" time="0.131" /><testcase classname="test_stagelink_api.TestRegister" name="test_register_password_needs_letters_and_numbers" time="0.097" /><testcase classname="test_stagelink_api.TestRegister" name="test_register_duplicate_email" time="0.409" /><testcase classname="test_stagelink_api.TestLogin" name="test_login_seeded_musician" time="0.348" /><testcase classname="test_stagelink_api.TestLogin" name="test_login_seeded_organizer" time="0.323" /><testcase classname="test_stagelink_api.TestLogin" name="test_login_invalid_password" time="0.313" /><testcase classname="test_stagelink_api.TestLogin" name="test_login_unknown_email" time="0.095" /><testcase classname="test_stagelink_api.TestLogin" name="test_login_bruteforce_lock" time="2.123" /><testcase classname="test_stagelink_api.TestRefresh" name="test_refresh_valid" time="0.401" /><testcase classname="test_stagelink_api.TestRefresh" name="test_refresh_invalid_token" time="0.099" /><testcase classname="test_stagelink_api.TestRefresh" name="test_refresh_wrong_token_type" time="0.361" /><testcase classname="test_stagelink_api.TestMe" name="test_me_valid" time="0.402" /><testcase classname="test_stagelink_api.TestMe" name="test_me_missing_token" time="0.093" /><testcase classname="test_stagelink_api.TestMe" name="test_me_malformed_token" time="0.097" /><testcase classname="test_stagelink_api.TestLogout" name="test_logout_ok" time="0.402" /><testcase classname="test_stagelink_api.TestLogout" name="test_logout_missing_token" time="0.096" /><testcase classname="test_stagelink_api.TestRoles" name="test_set_single_role_musician" time="0.371" /><testcase classname="test_stagelink_api.TestRoles" name="test_set_both_roles" time="0.358" /><testcase classname="test_stagelink_api.TestRoles" name="test_active_role_rejects_role_not_in_user_roles" time="0.401" /><testcase classname="test_stagelink_api.TestRoles" name="test_active_role_rejects_if_not_onboarded" time="0.413" /><testcase classname="test_stagelink_api.TestRoles" name="test_active_role_accepts_after_onboarding" time="0.360" /></testsuite></testsuites>