<?xml version="1.0" encoding="utf-8"?><testsuites name="pytest tests"><testsuite name="pytest" errors="0" failures="0" skipped="0" tests="19" time="6.566" timestamp="2026-07-22T09:15:44.927053+00:00" hostname="agent-env-29b531a2-b52e-41a0-afc6-619e168c6e87"><testcase classname="tests.test_action_based_api.TestSeededDualRoles" name="test_ariya_has_both_roles" time="0.438" /><testcase classname="tests.test_action_based_api.TestSeededDualRoles" name="test_sunset_has_both_roles" time="0.352" /><testcase classname="tests.test_action_based_api.TestActiveRoleAutoAdd" name="test_active_role_auto_adds_when_missing" time="0.398" /><testcase classname="tests.test_action_based_api.TestActiveRoleAutoAdd" name="test_active_role_switch_to_organizer" time="0.419" /><testcase classname="tests.test_action_based_api.TestGigsActionBased" name="test_any_user_can_create_gig" time="0.365" /><testcase classname="tests.test_action_based_api.TestApplicationsActionBased" name="test_any_user_can_apply" time="0.418" /><testcase classname="tests.test_action_based_api.TestBands" name="test_list_seeded_bands" time="0.102" /><testcase classname="tests.test_action_based_api.TestBands" name="test_create_band" time="0.361" /><testcase classname="tests.test_action_based_api.TestEquipment" name="test_list_seeded_equipment" time="0.105" /><testcase classname="tests.test_action_based_api.TestEquipment" name="test_create_equipment" time="0.396" /><testcase classname="tests.test_action_based_api.TestStudios" name="test_list_studios" time="0.105" /><testcase classname="tests.test_action_based_api.TestStudios" name="test_create_studio" time="0.360" /><testcase classname="tests.test_action_based_api.TestLessons" name="test_list_lessons" time="0.129" /><testcase classname="tests.test_action_based_api.TestLessons" name="test_create_lesson" time="0.373" /><testcase classname="tests.test_action_based_api.TestPosts" name="test_feed_returns_seeded_posts_with_fields" time="0.360" /><testcase classname="tests.test_action_based_api.TestPosts" name="test_create_post" time="0.370" /><testcase classname="tests.test_action_based_api.TestPosts" name="test_like_toggle" time="0.579" /><testcase classname="tests.test_action_based_api.TestPosts" name="test_add_comment_increments_count" time="0.506" /><testcase classname="tests.test_action_based_api.TestEntitiesMine" name="test_mine_returns_all_categories" time="0.369" /></testsuite></testsuites>