<?xml version="1.0" encoding="utf-8"?><testsuites name="pytest tests"><testsuite name="pytest" errors="0" failures="0" skipped="0" tests="7" time="3.072" timestamp="2026-07-22T16:30:43.889982+00:00" hostname="agent-env-29b531a2-b52e-41a0-afc6-619e168c6e87"><testcase classname="backend.tests.test_post_visibility.TestPostCreateVisibility" name="test_create_private_post" time="0.706" /><testcase classname="backend.tests.test_post_visibility.TestPostCreateVisibility" name="test_create_public_default" time="0.210" /><testcase classname="backend.tests.test_post_visibility.TestPostCreateVisibility" name="test_create_followers_post" time="0.209" /><testcase classname="backend.tests.test_post_visibility.TestPostCreateVisibility" name="test_create_invalid_visibility_422" time="0.140" /><testcase classname="backend.tests.test_post_visibility.TestUserEntitiesVisibilityFilter" name="test_only_public_posts_leak_through" time="0.805" /><testcase classname="backend.tests.test_post_visibility.TestPatchVisibility" name="test_flip_public_to_private_removes_from_entities" time="0.612" /><testcase classname="backend.tests.test_post_visibility.TestPatchVisibility" name="test_patch_invalid_visibility_422" time="0.363" /></testsuite></testsuites>