<?xml version="1.0" encoding="utf-8"?><testsuites name="pytest tests"><testsuite name="pytest" errors="0" failures="0" skipped="0" tests="22" time="3.812" timestamp="2026-07-22T16:02:01.647177+00:00" hostname="agent-env-29b531a2-b52e-41a0-afc6-619e168c6e87"><testcase classname="backend.tests.test_discover_and_community.TestDiscoverEndpoints" name="test_returns_list[/api/musicians]" time="0.494" /><testcase classname="backend.tests.test_discover_and_community.TestDiscoverEndpoints" name="test_returns_list[/api/gigs]" time="0.129" /><testcase classname="backend.tests.test_discover_and_community.TestDiscoverEndpoints" name="test_returns_list[/api/bands]" time="0.128" /><testcase classname="backend.tests.test_discover_and_community.TestDiscoverEndpoints" name="test_returns_list[/api/studios]" time="0.109" /><testcase classname="backend.tests.test_discover_and_community.TestDiscoverEndpoints" name="test_returns_list[/api/equipment]" time="0.104" /><testcase classname="backend.tests.test_discover_and_community.TestDiscoverEndpoints" name="test_returns_list[/api/lessons]" time="0.118" /><testcase classname="backend.tests.test_discover_and_community.TestDiscoverEndpoints" name="test_returns_list[/api/venues]" time="0.120" /><testcase classname="backend.tests.test_discover_and_community.TestDiscoverEndpoints" name="test_no_mongo_id_leak[/api/musicians]" time="0.096" /><testcase classname="backend.tests.test_discover_and_community.TestDiscoverEndpoints" name="test_no_mongo_id_leak[/api/gigs]" time="0.108" /><testcase classname="backend.tests.test_discover_and_community.TestDiscoverEndpoints" name="test_no_mongo_id_leak[/api/bands]" time="0.101" /><testcase classname="backend.tests.test_discover_and_community.TestDiscoverEndpoints" name="test_no_mongo_id_leak[/api/studios]" time="0.133" /><testcase classname="backend.tests.test_discover_and_community.TestDiscoverEndpoints" name="test_no_mongo_id_leak[/api/equipment]" time="0.112" /><testcase classname="backend.tests.test_discover_and_community.TestDiscoverEndpoints" name="test_no_mongo_id_leak[/api/lessons]" time="0.114" /><testcase classname="backend.tests.test_discover_and_community.TestDiscoverEndpoints" name="test_no_mongo_id_leak[/api/venues]" time="0.151" /><testcase classname="backend.tests.test_discover_and_community.TestComments" name="test_a_create_post" time="0.108" /><testcase classname="backend.tests.test_discover_and_community.TestComments" name="test_b_kabir_comments_increments_count" time="0.526" /><testcase classname="backend.tests.test_discover_and_community.TestComments" name="test_c_non_author_cannot_delete_comment" time="0.118" /><testcase classname="backend.tests.test_discover_and_community.TestComments" name="test_d_author_deletes_comment_decrements_count" time="0.170" /><testcase classname="backend.tests.test_discover_and_community.TestComments" name="test_e_delete_post_cleanup" time="0.091" /><testcase classname="backend.tests.test_discover_and_community.TestPostCRUDRegression" name="test_owner_can_patch_and_delete" time="0.341" /><testcase classname="backend.tests.test_discover_and_community.TestPostCRUDRegression" name="test_non_owner_cannot_patch" time="0.212" /><testcase classname="backend.tests.test_discover_and_community.TestBandDeleteRegression" name="test_create_and_delete_band" time="0.180" /></testsuite></testsuites>