<?xml version="1.0" encoding="utf-8"?><testsuites name="pytest tests"><testsuite name="pytest" errors="0" failures="0" skipped="0" tests="10" time="5.982" timestamp="2026-07-22T16:13:21.100313+00:00" hostname="agent-env-29b531a2-b52e-41a0-afc6-619e168c6e87"><testcase classname="backend.tests.test_connections.TestSanity" name="test_login_all" time="1.003" /><testcase classname="backend.tests.test_connections.TestConnectionListsShape" name="test_followers_shape" time="0.120" /><testcase classname="backend.tests.test_connections.TestConnectionListsShape" name="test_following_shape" time="0.108" /><testcase classname="backend.tests.test_connections.TestFollowToggleReflectsInLists" name="test_follow_and_verify_lists" time="0.640" /><testcase classname="backend.tests.test_connections.TestFollowToggleReflectsInLists" name="test_cannot_follow_self" time="0.123" /><testcase classname="backend.tests.test_connections.TestFollowToggleReflectsInLists" name="test_order_most_recent_first" time="2.125" /><testcase classname="backend.tests.test_connections.TestIteration5Regression" name="test_post_comment_and_delete" time="0.485" /><testcase classname="backend.tests.test_connections.TestIteration5Regression" name="test_patch_post" time="0.376" /><testcase classname="backend.tests.test_connections.TestIteration5Regression" name="test_discover_endpoints_ok" time="0.650" /><testcase classname="backend.tests.test_connections.TestBandCreationHardcodedCleanup" name="test_create_band_uses_default_cover" time="0.310" /></testsuite></testsuites>