<?xml version="1.0" encoding="utf-8"?><testsuites name="pytest tests"><testsuite name="pytest" errors="0" failures="1" skipped="1" tests="12" time="3.978" timestamp="2026-07-22T16:24:09.436335+00:00" hostname="agent-env-29b531a2-b52e-41a0-afc6-619e168c6e87"><testcase classname="backend.tests.test_unified_profile.TestUsersEntities" name="test_returns_all_expected_arrays_unauth" time="0.462" /><testcase classname="backend.tests.test_unified_profile.TestUsersEntities" name="test_shape_matches_entities_mine" time="0.208" /><testcase classname="backend.tests.test_unified_profile.TestUsersEntities" name="test_posts_only_include_public_visibility" time="0.558"><failure message="AssertionError: private post leaked: cce8dc8a-50fd-49d2-ad23-43aa4f5ab52a in ['cce8dc8a-50fd-49d2-ad23-43aa4f5ab52a', '0e0b8e79-593e-4e50-8286-9d53e302dde7', '066ce551-73f1-4c77-937a-3d653b3ec3d5', 'd59dda31-dd2f-481f-a515-2df539864b7e', '029ff50c-02b1-42ef-8cc5-184b4c25687f', '407cdf5c-6854-4665-a64a-3e2b8523efc4', '5cd901fc-a7e0-410c-bca8-dee972ea8b40', '848af26a-da41-4d7d-ae1f-abf6365a22d2', 'b1c80407-6cd5-4dfd-b88e-2d5126123311']&#10;assert 'cce8dc8a-50fd-49d2-ad23-43aa4f5ab52a' not in ['cce8dc8a-50fd-49d2-ad23-43aa4f5ab52a', '0e0b8e79-593e-4e50-8286-9d53e302dde7', '066ce551-73f1-4c77-937a-3d653b3ec3d5', 'd59dda31-dd2f-481f-a515-2df539864b7e', '029ff50c-02b1-42ef-8cc5-184b4c25687f', '407cdf5c-6854-4665-a64a-3e2b8523efc4', ...]">backend/tests/test_unified_profile.py:77: in test_posts_only_include_public_visibility
    assert priv_id not in ids, f"private post leaked: {priv_id} in {ids}"
E   AssertionError: private post leaked: cce8dc8a-50fd-49d2-ad23-43aa4f5ab52a in ['cce8dc8a-50fd-49d2-ad23-43aa4f5ab52a', '0e0b8e79-593e-4e50-8286-9d53e302dde7', '066ce551-73f1-4c77-937a-3d653b3ec3d5', 'd59dda31-dd2f-481f-a515-2df539864b7e', '029ff50c-02b1-42ef-8cc5-184b4c25687f', '407cdf5c-6854-4665-a64a-3e2b8523efc4', '5cd901fc-a7e0-410c-bca8-dee972ea8b40', '848af26a-da41-4d7d-ae1f-abf6365a22d2', 'b1c80407-6cd5-4dfd-b88e-2d5126123311']
E   assert 'cce8dc8a-50fd-49d2-ad23-43aa4f5ab52a' not in ['cce8dc8a-50fd-49d2-ad23-43aa4f5ab52a', '0e0b8e79-593e-4e50-8286-9d53e302dde7', '066ce551-73f1-4c77-937a-3d653b3ec3d5', 'd59dda31-dd2f-481f-a515-2df539864b7e', '029ff50c-02b1-42ef-8cc5-184b4c25687f', '407cdf5c-6854-4665-a64a-3e2b8523efc4', ...]</failure></testcase><testcase classname="backend.tests.test_unified_profile.TestUsersEntities" name="test_unknown_user_returns_empty" time="0.132" /><testcase classname="backend.tests.test_unified_profile.TestEntitiesMine" name="test_auth_required" time="0.127" /><testcase classname="backend.tests.test_unified_profile.TestEntitiesMine" name="test_authed_returns_arrays" time="0.098" /><testcase classname="backend.tests.test_unified_profile.TestFollowersFollowing" name="test_followers_list" time="0.215" /><testcase classname="backend.tests.test_unified_profile.TestFollowersFollowing" name="test_following_list" time="0.099" /><testcase classname="backend.tests.test_unified_profile.TestFollowersFollowing" name="test_follow_toggle" time="0.659" /><testcase classname="backend.tests.test_unified_profile.TestPostCRUD" name="test_create_get_delete_post" time="0.452" /><testcase classname="backend.tests.test_unified_profile.TestCommentCRUD" name="test_add_and_delete_comment" time="0.811" /><testcase classname="backend.tests.test_unified_profile.TestEntityDelete" name="test_create_delete_gig" time="0.106"><skipped type="pytest.skip" message="Cannot create gig as musician: 422 {&quot;detail&quot;:[{&quot;type&quot;:&quot;missing&quot;,&quot;loc&quot;:[&quot;body&quot;,&quot;event_type&quot;],&quot;msg&quot;:&quot;Field required&quot;,&quot;input&quot;:{&quot;title&quot;:&quot;TEST_gig_iter7&quot;,&quot;descr">/app/backend/tests/test_unified_profile.py:186: Cannot create gig as musician: 422 {"detail":[{"type":"missing","loc":["body","event_type"],"msg":"Field required","input":{"title":"TEST_gig_iter7","descr</skipped></testcase></testsuite></testsuites>