<?xml version="1.0" encoding="utf-8"?><testsuites name="pytest tests"><testsuite name="pytest" errors="0" failures="0" skipped="0" tests="14" time="42.687" timestamp="2026-07-22T15:46:04.158996+00:00" hostname="agent-env-29b531a2-b52e-41a0-afc6-619e168c6e87"><testcase classname="backend.tests.test_product_refinements.TestSanity" name="test_login_ariya" time="0.361" /><testcase classname="backend.tests.test_product_refinements.TestPostCRUD" name="test_create_and_edit_and_delete_post" time="0.621" /><testcase classname="backend.tests.test_product_refinements.TestPostCRUD" name="test_edit_post_non_owner_403" time="0.681" /><testcase classname="backend.tests.test_product_refinements.TestPostCRUD" name="test_edit_post_nonexistent_404" time="0.106" /><testcase classname="backend.tests.test_product_refinements.TestPostCRUD" name="test_delete_post_non_owner_403" time="0.325" /><testcase classname="backend.tests.test_product_refinements.TestPostCRUD" name="test_delete_post_cascades_comments_and_likes" time="0.826" /><testcase classname="backend.tests.test_product_refinements.TestCommentDelete" name="test_delete_comment_updates_count" time="0.949" /><testcase classname="backend.tests.test_product_refinements.TestGigDelete" name="test_organizer_deletes_gig_and_cascades_applications" time="0.943" /><testcase classname="backend.tests.test_product_refinements.TestEntityDeletes" name="test_delete_band_owner_only" time="0.428" /><testcase classname="backend.tests.test_product_refinements.TestEntityDeletes" name="test_delete_equipment_owner_only" time="36.513" /><testcase classname="backend.tests.test_product_refinements.TestEntityDeletes" name="test_delete_studio_owner_only" time="0.317" /><testcase classname="backend.tests.test_product_refinements.TestEntityDeletes" name="test_delete_lesson_teacher_only" time="0.379" /><testcase classname="backend.tests.test_product_refinements.TestExisting" name="test_unified_profile" time="0.097" /><testcase classname="backend.tests.test_product_refinements.TestExisting" name="test_entities_mine_contains_all_keys" time="0.122" /></testsuite></testsuites>