<?xml version="1.0" encoding="utf-8"?><testsuites name="pytest tests"><testsuite name="pytest" errors="0" failures="0" skipped="0" tests="10" time="3.688" timestamp="2026-07-23T15:25:32.744363+00:00" hostname="agent-env-29b531a2-b52e-41a0-afc6-619e168c6e87"><testcase classname="backend.tests.test_iter9_unified_profile.TestUnifiedProfileAnonymous" name="test_unauth_returns_200_and_no_edit_perm" time="0.529" /><testcase classname="backend.tests.test_iter9_unified_profile.TestUnifiedProfileOwner" name="test_owner_perms" time="0.133" /><testcase classname="backend.tests.test_iter9_unified_profile.TestUnifiedProfileOtherViewer" name="test_other_musician_perms" time="0.497" /><testcase classname="backend.tests.test_iter9_unified_profile.TestUnifiedProfileOrganizerViewer" name="test_organizer_can_hire" time="0.450" /><testcase classname="backend.tests.test_iter9_unified_profile.TestUnifiedProfileShape" name="test_full_shape" time="0.149" /><testcase classname="backend.tests.test_iter9_unified_profile.TestPostVisibilityFilter" name="test_private_post_hidden_from_non_owner" time="0.760" /><testcase classname="backend.tests.test_iter9_unified_profile.TestLegacyEndpoints" name="test_musician_endpoint_still_200" time="0.139" /><testcase classname="backend.tests.test_iter9_unified_profile.TestLegacyEndpoints" name="test_users_entities_still_200" time="0.621" /><testcase classname="backend.tests.test_iter9_unified_profile.TestLegacyEndpoints" name="test_followers_following" time="0.247" /><testcase classname="backend.tests.test_iter9_unified_profile.TestUnknownUser" name="test_404_on_missing" time="0.117" /></testsuite></testsuites>