<?xml version="1.0" encoding="utf-8"?><testsuites name="pytest tests"><testsuite name="pytest" errors="0" failures="0" skipped="1" tests="8" time="2.352" timestamp="2026-07-22T13:39:57.577337+00:00" hostname="agent-env-29b531a2-b52e-41a0-afc6-619e168c6e87"><testcase classname="backend.tests.test_profile_management.TestPatchMusician" name="test_patch_updates_only_provided_fields" time="0.901" /><testcase classname="backend.tests.test_profile_management.TestPatchMusician" name="test_patch_multi_field_returns_count" time="0.102" /><testcase classname="backend.tests.test_profile_management.TestPatchMusician" name="test_patch_accepts_new_fields" time="0.218" /><testcase classname="backend.tests.test_profile_management.TestPortfolio" name="test_add_and_delete_portfolio_item" time="0.407" /><testcase classname="backend.tests.test_profile_management.TestPortfolio" name="test_delete_missing_portfolio_returns_zero" time="0.107" /><testcase classname="backend.tests.test_profile_management.TestServices" name="test_add_and_delete_service" time="0.388" /><testcase classname="backend.tests.test_profile_management.TestCompletion" name="test_completion_shape" time="0.105" /><testcase classname="backend.tests.test_profile_management.TestCompletion" name="test_completion_increases_when_fields_filled" time="0.094"><skipped type="pytest.skip" message="Profile is already 100%">/app/backend/tests/test_profile_management.py:209: Profile is already 100%</skipped></testcase></testsuite></testsuites>